running egg_info
creating ../../build/robot_arm/robot_arm.egg-info
writing ../../build/robot_arm/robot_arm.egg-info/PKG-INFO
writing dependency_links to ../../build/robot_arm/robot_arm.egg-info/dependency_links.txt
writing entry points to ../../build/robot_arm/robot_arm.egg-info/entry_points.txt
writing requirements to ../../build/robot_arm/robot_arm.egg-info/requires.txt
writing top-level names to ../../build/robot_arm/robot_arm.egg-info/top_level.txt
writing manifest file '../../build/robot_arm/robot_arm.egg-info/SOURCES.txt'
reading manifest file '../../build/robot_arm/robot_arm.egg-info/SOURCES.txt'
writing manifest file '../../build/robot_arm/robot_arm.egg-info/SOURCES.txt'
running build
running build_py
creating /home/pi/EmbeddedRArm/ROS/build/robot_arm/build
creating /home/pi/EmbeddedRArm/ROS/build/robot_arm/build/lib
creating /home/pi/EmbeddedRArm/ROS/build/robot_arm/build/lib/robot_arm
copying robot_arm/web_gui.py -> /home/pi/EmbeddedRArm/ROS/build/robot_arm/build/lib/robot_arm
copying robot_arm/__init__.py -> /home/pi/EmbeddedRArm/ROS/build/robot_arm/build/lib/robot_arm
copying robot_arm/esp32_bridge.py -> /home/pi/EmbeddedRArm/ROS/build/robot_arm/build/lib/robot_arm
running install
running install_lib
creating /home/pi/EmbeddedRArm/ROS/install/robot_arm/lib/python3.10/site-packages/robot_arm
copying /home/pi/EmbeddedRArm/ROS/build/robot_arm/build/lib/robot_arm/web_gui.py -> /home/pi/EmbeddedRArm/ROS/install/robot_arm/lib/python3.10/site-packages/robot_arm
copying /home/pi/EmbeddedRArm/ROS/build/robot_arm/build/lib/robot_arm/__init__.py -> /home/pi/EmbeddedRArm/ROS/install/robot_arm/lib/python3.10/site-packages/robot_arm
copying /home/pi/EmbeddedRArm/ROS/build/robot_arm/build/lib/robot_arm/esp32_bridge.py -> /home/pi/EmbeddedRArm/ROS/install/robot_arm/lib/python3.10/site-packages/robot_arm
byte-compiling /home/pi/EmbeddedRArm/ROS/install/robot_arm/lib/python3.10/site-packages/robot_arm/web_gui.py to web_gui.cpython-310.pyc
byte-compiling /home/pi/EmbeddedRArm/ROS/install/robot_arm/lib/python3.10/site-packages/robot_arm/__init__.py to __init__.cpython-310.pyc
byte-compiling /home/pi/EmbeddedRArm/ROS/install/robot_arm/lib/python3.10/site-packages/robot_arm/esp32_bridge.py to esp32_bridge.cpython-310.pyc
running install_data
creating /home/pi/EmbeddedRArm/ROS/install/robot_arm/share/ament_index
creating /home/pi/EmbeddedRArm/ROS/install/robot_arm/share/ament_index/resource_index
creating /home/pi/EmbeddedRArm/ROS/install/robot_arm/share/ament_index/resource_index/packages
copying resource/robot_arm -> /home/pi/EmbeddedRArm/ROS/install/robot_arm/share/ament_index/resource_index/packages
copying package.xml -> /home/pi/EmbeddedRArm/ROS/install/robot_arm/share/robot_arm
running install_egg_info
Copying ../../build/robot_arm/robot_arm.egg-info to /home/pi/EmbeddedRArm/ROS/install/robot_arm/lib/python3.10/site-packages/robot_arm-0.0.0-py3.10.egg-info
running install_scripts
Installing esp32_bridge script to /home/pi/EmbeddedRArm/ROS/install/robot_arm/lib/robot_arm
Installing web_gui script to /home/pi/EmbeddedRArm/ROS/install/robot_arm/lib/robot_arm
writing list of installed files to '/home/pi/EmbeddedRArm/ROS/build/robot_arm/install.log'
