[2.527s] Invoking command in '/home/pi/EmbeddedRArm/ROS/src/robot_arm': PYTHONPATH=/home/pi/EmbeddedRArm/ROS/build/robot_arm/prefix_override:/usr/lib/python3/dist-packages/colcon_core/task/python/colcon_distutils_commands:/home/pi/EmbeddedRArm/ROS/install/robot_arm/lib/python3.10/site-packages:${PYTHONPATH} /usr/bin/python3 -W ignore:setup.py install is deprecated -W ignore:easy_install command is deprecated setup.py egg_info --egg-base ../../build/robot_arm build --build-base /home/pi/EmbeddedRArm/ROS/build/robot_arm/build install --record /home/pi/EmbeddedRArm/ROS/build/robot_arm/install.log --single-version-externally-managed install_data
[3.452s] running egg_info
[3.454s] creating ../../build/robot_arm/robot_arm.egg-info
[3.455s] writing ../../build/robot_arm/robot_arm.egg-info/PKG-INFO
[3.456s] writing dependency_links to ../../build/robot_arm/robot_arm.egg-info/dependency_links.txt
[3.456s] writing entry points to ../../build/robot_arm/robot_arm.egg-info/entry_points.txt
[3.457s] writing requirements to ../../build/robot_arm/robot_arm.egg-info/requires.txt
[3.457s] writing top-level names to ../../build/robot_arm/robot_arm.egg-info/top_level.txt
[3.458s] writing manifest file '../../build/robot_arm/robot_arm.egg-info/SOURCES.txt'
[3.465s] reading manifest file '../../build/robot_arm/robot_arm.egg-info/SOURCES.txt'
[3.469s] writing manifest file '../../build/robot_arm/robot_arm.egg-info/SOURCES.txt'
[3.469s] running build
[3.470s] running build_py
[3.470s] creating /home/pi/EmbeddedRArm/ROS/build/robot_arm/build
[3.471s] creating /home/pi/EmbeddedRArm/ROS/build/robot_arm/build/lib
[3.471s] creating /home/pi/EmbeddedRArm/ROS/build/robot_arm/build/lib/robot_arm
[3.471s] copying robot_arm/web_gui.py -> /home/pi/EmbeddedRArm/ROS/build/robot_arm/build/lib/robot_arm
[3.472s] copying robot_arm/__init__.py -> /home/pi/EmbeddedRArm/ROS/build/robot_arm/build/lib/robot_arm
[3.472s] copying robot_arm/esp32_bridge.py -> /home/pi/EmbeddedRArm/ROS/build/robot_arm/build/lib/robot_arm
[3.473s] running install
[3.475s] running install_lib
[3.478s] creating /home/pi/EmbeddedRArm/ROS/install/robot_arm/lib/python3.10/site-packages/robot_arm
[3.478s] copying /home/pi/EmbeddedRArm/ROS/build/robot_arm/build/lib/robot_arm/web_gui.py -> /home/pi/EmbeddedRArm/ROS/install/robot_arm/lib/python3.10/site-packages/robot_arm
[3.479s] copying /home/pi/EmbeddedRArm/ROS/build/robot_arm/build/lib/robot_arm/__init__.py -> /home/pi/EmbeddedRArm/ROS/install/robot_arm/lib/python3.10/site-packages/robot_arm
[3.479s] copying /home/pi/EmbeddedRArm/ROS/build/robot_arm/build/lib/robot_arm/esp32_bridge.py -> /home/pi/EmbeddedRArm/ROS/install/robot_arm/lib/python3.10/site-packages/robot_arm
[3.482s] byte-compiling /home/pi/EmbeddedRArm/ROS/install/robot_arm/lib/python3.10/site-packages/robot_arm/web_gui.py to web_gui.cpython-310.pyc
[3.485s] byte-compiling /home/pi/EmbeddedRArm/ROS/install/robot_arm/lib/python3.10/site-packages/robot_arm/__init__.py to __init__.cpython-310.pyc
[3.486s] byte-compiling /home/pi/EmbeddedRArm/ROS/install/robot_arm/lib/python3.10/site-packages/robot_arm/esp32_bridge.py to esp32_bridge.cpython-310.pyc
[3.488s] running install_data
[3.488s] creating /home/pi/EmbeddedRArm/ROS/install/robot_arm/share/ament_index
[3.489s] creating /home/pi/EmbeddedRArm/ROS/install/robot_arm/share/ament_index/resource_index
[3.489s] creating /home/pi/EmbeddedRArm/ROS/install/robot_arm/share/ament_index/resource_index/packages
[3.490s] copying resource/robot_arm -> /home/pi/EmbeddedRArm/ROS/install/robot_arm/share/ament_index/resource_index/packages
[3.490s] copying package.xml -> /home/pi/EmbeddedRArm/ROS/install/robot_arm/share/robot_arm
[3.491s] running install_egg_info
[3.498s] Copying ../../build/robot_arm/robot_arm.egg-info to /home/pi/EmbeddedRArm/ROS/install/robot_arm/lib/python3.10/site-packages/robot_arm-0.0.0-py3.10.egg-info
[3.503s] running install_scripts
[3.582s] Installing esp32_bridge script to /home/pi/EmbeddedRArm/ROS/install/robot_arm/lib/robot_arm
[3.582s] Installing web_gui script to /home/pi/EmbeddedRArm/ROS/install/robot_arm/lib/robot_arm
[3.584s] writing list of installed files to '/home/pi/EmbeddedRArm/ROS/build/robot_arm/install.log'
[3.698s] Invoked command in '/home/pi/EmbeddedRArm/ROS/src/robot_arm' returned '0': PYTHONPATH=/home/pi/EmbeddedRArm/ROS/build/robot_arm/prefix_override:/usr/lib/python3/dist-packages/colcon_core/task/python/colcon_distutils_commands:/home/pi/EmbeddedRArm/ROS/install/robot_arm/lib/python3.10/site-packages:${PYTHONPATH} /usr/bin/python3 -W ignore:setup.py install is deprecated -W ignore:easy_install command is deprecated setup.py egg_info --egg-base ../../build/robot_arm build --build-base /home/pi/EmbeddedRArm/ROS/build/robot_arm/build install --record /home/pi/EmbeddedRArm/ROS/build/robot_arm/install.log --single-version-externally-managed install_data
