[0.417s] DEBUG:colcon:Command line arguments: ['/usr/bin/colcon', 'build']
[0.417s] DEBUG:colcon:Parsed command line arguments: Namespace(log_base=None, log_level=None, verb_name='build', build_base='build', install_base='install', merge_install=False, symlink_install=False, test_result_base=None, continue_on_error=False, executor='parallel', parallel_workers=4, event_handlers=None, ignore_user_meta=False, metas=['./colcon.meta'], base_paths=['.'], packages_ignore=None, packages_ignore_regex=None, paths=None, packages_up_to=None, packages_up_to_regex=None, packages_above=None, packages_above_and_dependencies=None, packages_above_depth=None, packages_select_by_dep=None, packages_skip_by_dep=None, packages_skip_up_to=None, packages_select_build_failed=False, packages_skip_build_finished=False, packages_select_test_failures=False, packages_skip_test_passed=False, packages_select=None, packages_skip=None, packages_select_regex=None, packages_skip_regex=None, packages_start=None, packages_end=None, allow_overriding=[], cmake_args=None, cmake_target=None, cmake_target_skip_unavailable=False, cmake_clean_cache=False, cmake_clean_first=False, cmake_force_configure=False, ament_cmake_args=None, catkin_cmake_args=None, catkin_skip_building_tests=False, verb_parser=<colcon_defaults.argument_parser.defaults.DefaultArgumentsDecorator object at 0xffff7e116380>, verb_extension=<colcon_core.verb.build.BuildVerb object at 0xffff7e227850>, main=<bound method BuildVerb.main of <colcon_core.verb.build.BuildVerb object at 0xffff7e227850>>)
[1.050s] Level 1:colcon.colcon_core.package_discovery:discover_packages(colcon_meta) check parameters
[1.050s] Level 1:colcon.colcon_core.package_discovery:discover_packages(recursive) check parameters
[1.056s] Level 1:colcon.colcon_core.package_discovery:discover_packages(ignore) check parameters
[1.056s] Level 1:colcon.colcon_core.package_discovery:discover_packages(path) check parameters
[1.056s] Level 1:colcon.colcon_core.package_discovery:discover_packages(colcon_meta) discover
[1.056s] Level 1:colcon.colcon_core.package_discovery:discover_packages(recursive) discover
[1.057s] INFO:colcon.colcon_core.package_discovery:Crawling recursively for packages in '/home/pi/EmbeddedRArm/ROS'
[1.057s] Level 1:colcon.colcon_core.package_identification:_identify(.) by extensions ['ignore', 'ignore_ament_install']
[1.058s] Level 1:colcon.colcon_core.package_identification:_identify(.) by extension 'ignore'
[1.058s] Level 1:colcon.colcon_core.package_identification:_identify(.) by extension 'ignore_ament_install'
[1.058s] Level 1:colcon.colcon_core.package_identification:_identify(.) by extensions ['colcon_pkg']
[1.058s] Level 1:colcon.colcon_core.package_identification:_identify(.) by extension 'colcon_pkg'
[1.058s] Level 1:colcon.colcon_core.package_identification:_identify(.) by extensions ['colcon_meta']
[1.058s] Level 1:colcon.colcon_core.package_identification:_identify(.) by extension 'colcon_meta'
[1.059s] Level 1:colcon.colcon_core.package_identification:_identify(.) by extensions ['ros']
[1.059s] Level 1:colcon.colcon_core.package_identification:_identify(.) by extension 'ros'
[1.108s] Level 1:colcon.colcon_core.package_identification:_identify(.) by extensions ['cmake', 'python']
[1.108s] Level 1:colcon.colcon_core.package_identification:_identify(.) by extension 'cmake'
[1.108s] Level 1:colcon.colcon_core.package_identification:_identify(.) by extension 'python'
[1.109s] Level 1:colcon.colcon_core.package_identification:_identify(.) by extensions ['python_setup_py']
[1.109s] Level 1:colcon.colcon_core.package_identification:_identify(.) by extension 'python_setup_py'
[1.109s] Level 1:colcon.colcon_core.package_identification:_identify(build) by extensions ['ignore', 'ignore_ament_install']
[1.110s] Level 1:colcon.colcon_core.package_identification:_identify(build) by extension 'ignore'
[1.110s] Level 1:colcon.colcon_core.package_identification:_identify(build) ignored
[1.110s] Level 1:colcon.colcon_core.package_identification:_identify(install) by extensions ['ignore', 'ignore_ament_install']
[1.111s] Level 1:colcon.colcon_core.package_identification:_identify(install) by extension 'ignore'
[1.111s] Level 1:colcon.colcon_core.package_identification:_identify(install) ignored
[1.111s] Level 1:colcon.colcon_core.package_identification:_identify(log) by extensions ['ignore', 'ignore_ament_install']
[1.112s] Level 1:colcon.colcon_core.package_identification:_identify(log) by extension 'ignore'
[1.112s] Level 1:colcon.colcon_core.package_identification:_identify(log) ignored
[1.112s] Level 1:colcon.colcon_core.package_identification:_identify(robot_arm) by extensions ['ignore', 'ignore_ament_install']
[1.112s] Level 1:colcon.colcon_core.package_identification:_identify(robot_arm) by extension 'ignore'
[1.113s] Level 1:colcon.colcon_core.package_identification:_identify(robot_arm) by extension 'ignore_ament_install'
[1.113s] Level 1:colcon.colcon_core.package_identification:_identify(robot_arm) by extensions ['colcon_pkg']
[1.113s] Level 1:colcon.colcon_core.package_identification:_identify(robot_arm) by extension 'colcon_pkg'
[1.113s] Level 1:colcon.colcon_core.package_identification:_identify(robot_arm) by extensions ['colcon_meta']
[1.113s] Level 1:colcon.colcon_core.package_identification:_identify(robot_arm) by extension 'colcon_meta'
[1.113s] Level 1:colcon.colcon_core.package_identification:_identify(robot_arm) by extensions ['ros']
[1.113s] Level 1:colcon.colcon_core.package_identification:_identify(robot_arm) by extension 'ros'
[1.123s] DEBUG:colcon.colcon_core.package_identification:Package 'robot_arm' with type 'ros.ament_python' and name 'robot_arm'
[1.123s] Level 1:colcon.colcon_core.package_identification:_identify(src) by extensions ['ignore', 'ignore_ament_install']
[1.124s] Level 1:colcon.colcon_core.package_identification:_identify(src) by extension 'ignore'
[1.124s] Level 1:colcon.colcon_core.package_identification:_identify(src) by extension 'ignore_ament_install'
[1.124s] Level 1:colcon.colcon_core.package_identification:_identify(src) by extensions ['colcon_pkg']
[1.124s] Level 1:colcon.colcon_core.package_identification:_identify(src) by extension 'colcon_pkg'
[1.124s] Level 1:colcon.colcon_core.package_identification:_identify(src) by extensions ['colcon_meta']
[1.125s] Level 1:colcon.colcon_core.package_identification:_identify(src) by extension 'colcon_meta'
[1.125s] Level 1:colcon.colcon_core.package_identification:_identify(src) by extensions ['ros']
[1.125s] Level 1:colcon.colcon_core.package_identification:_identify(src) by extension 'ros'
[1.125s] Level 1:colcon.colcon_core.package_identification:_identify(src) by extensions ['cmake', 'python']
[1.125s] Level 1:colcon.colcon_core.package_identification:_identify(src) by extension 'cmake'
[1.125s] Level 1:colcon.colcon_core.package_identification:_identify(src) by extension 'python'
[1.126s] Level 1:colcon.colcon_core.package_identification:_identify(src) by extensions ['python_setup_py']
[1.126s] Level 1:colcon.colcon_core.package_identification:_identify(src) by extension 'python_setup_py'
[1.126s] Level 1:colcon.colcon_core.package_identification:_identify(src/robot_arm) by extensions ['ignore', 'ignore_ament_install']
[1.126s] Level 1:colcon.colcon_core.package_identification:_identify(src/robot_arm) by extension 'ignore'
[1.127s] Level 1:colcon.colcon_core.package_identification:_identify(src/robot_arm) by extension 'ignore_ament_install'
[1.127s] Level 1:colcon.colcon_core.package_identification:_identify(src/robot_arm) by extensions ['colcon_pkg']
[1.127s] Level 1:colcon.colcon_core.package_identification:_identify(src/robot_arm) by extension 'colcon_pkg'
[1.127s] Level 1:colcon.colcon_core.package_identification:_identify(src/robot_arm) by extensions ['colcon_meta']
[1.127s] Level 1:colcon.colcon_core.package_identification:_identify(src/robot_arm) by extension 'colcon_meta'
[1.128s] Level 1:colcon.colcon_core.package_identification:_identify(src/robot_arm) by extensions ['ros']
[1.128s] Level 1:colcon.colcon_core.package_identification:_identify(src/robot_arm) by extension 'ros'
[1.130s] DEBUG:colcon.colcon_core.package_identification:Package 'src/robot_arm' with type 'ros.ament_python' and name 'robot_arm'
[1.131s] Level 1:colcon.colcon_core.package_discovery:discover_packages(recursive) using defaults
[1.131s] Level 1:colcon.colcon_core.package_discovery:discover_packages(ignore) discover
[1.131s] Level 1:colcon.colcon_core.package_discovery:discover_packages(ignore) using defaults
[1.131s] Level 1:colcon.colcon_core.package_discovery:discover_packages(path) discover
[1.131s] Level 1:colcon.colcon_core.package_discovery:discover_packages(path) using defaults
[1.212s] Level 1:colcon.colcon_core.package_discovery:discover_packages(prefix_path) check parameters
[1.212s] Level 1:colcon.colcon_core.package_discovery:discover_packages(prefix_path) discover
[1.217s] WARNING:colcon.colcon_ros.prefix_path.ament:The path '/home/pi/EmbeddedRArm/ROS/install/robot_arm' in the environment variable AMENT_PREFIX_PATH doesn't exist
[1.220s] DEBUG:colcon.colcon_installed_package_information.package_discovery:Found 0 installed packages in /home/pi/EmbeddedRArm/ROS/install
[1.222s] DEBUG:colcon.colcon_installed_package_information.package_discovery:Found 1 installed packages in /home/pi/ros2_ws/install
[1.229s] DEBUG:colcon.colcon_installed_package_information.package_discovery:Found 183 installed packages in /opt/ros/humble
[1.233s] Level 1:colcon.colcon_core.package_discovery:discover_packages(prefix_path) using defaults
[1.342s] ERROR:colcon:colcon build: Duplicate package names not supported:
- robot_arm:
  - robot_arm
  - src/robot_arm
